<?xml version="1.0" encoding="UTF-8"?>
<testsuite xmlns:xsi="http://www.w3.org/2001/XMLSchema-instance" xsi:noNamespaceSchemaLocation="https://maven.apache.org/surefire/maven-surefire-plugin/xsd/surefire-test-report.xsd" name="TestSuite" time="1.01" tests="1" errors="0" skipped="0" failures="0">
  <properties>
    <property name="sun.desktop" value="windows"/>
    <property name="awt.toolkit" value="sun.awt.windows.WToolkit"/>
    <property name="java.specification.version" value="9"/>
    <property name="file.encoding.pkg" value="sun.io"/>
    <property name="sun.cpu.isalist" value="amd64"/>
    <property name="sun.jnu.encoding" value="Cp1252"/>
    <property name="java.class.path" value="C:\Users\02155Y744\git\codetorunjenkins\javatestng\target\test-classes;C:\Users\02155Y744\git\codetorunjenkins\javatestng\target\classes;C:\windows\system32\config\systemprofile\.m2\repository\junit\junit\3.8.1\junit-3.8.1.jar;C:\windows\system32\config\systemprofile\.m2\repository\org\testng\testng\6.8\testng-6.8.jar;C:\windows\system32\config\systemprofile\.m2\repository\org\beanshell\bsh\2.0b4\bsh-2.0b4.jar;C:\windows\system32\config\systemprofile\.m2\repository\com\beust\jcommander\1.27\jcommander-1.27.jar;C:\windows\system32\config\systemprofile\.m2\repository\org\yaml\snakeyaml\1.6\snakeyaml-1.6.jar;C:\windows\system32\config\systemprofile\.m2\repository\org\apache\maven\surefire\surefire-testng-utils\2.21.0\surefire-testng-utils-2.21.0.jar;C:\windows\system32\config\systemprofile\.m2\repository\org\apache\maven\surefire\surefire-grouper\2.21.0\surefire-grouper-2.21.0.jar;"/>
    <property name="java.vm.vendor" value="Oracle Corporation"/>
    <property name="sun.arch.data.model" value="64"/>
    <property name="user.variant" value=""/>
    <property name="java.vendor.url" value="http://java.oracle.com/"/>
    <property name="user.timezone" value=""/>
    <property name="java.vm.specification.version" value="9"/>
    <property name="os.name" value="Windows 10"/>
    <property name="sun.java.launcher" value="SUN_STANDARD"/>
    <property name="user.country" value="US"/>
    <property name="sun.boot.library.path" value="C:\ProgramData\Jenkins\.jenkins\tools\hudson.model.JDK\myjdk\bin"/>
    <property name="sun.java.command" value="C:\windows\TEMP\surefire2106732961827713827\surefirebooter6358047051376974758.jar C:\Windows\Temp\surefire2106732961827713827 2022-03-14T10-02-43_963-jvmRun1 surefire13457418176206607872tmp surefire_017643488366920889872tmp"/>
    <property name="jdk.debug" value="release"/>
    <property name="surefire.test.class.path" value="C:\Users\02155Y744\git\codetorunjenkins\javatestng\target\test-classes;C:\Users\02155Y744\git\codetorunjenkins\javatestng\target\classes;C:\windows\system32\config\systemprofile\.m2\repository\junit\junit\3.8.1\junit-3.8.1.jar;C:\windows\system32\config\systemprofile\.m2\repository\org\testng\testng\6.8\testng-6.8.jar;C:\windows\system32\config\systemprofile\.m2\repository\org\beanshell\bsh\2.0b4\bsh-2.0b4.jar;C:\windows\system32\config\systemprofile\.m2\repository\com\beust\jcommander\1.27\jcommander-1.27.jar;C:\windows\system32\config\systemprofile\.m2\repository\org\yaml\snakeyaml\1.6\snakeyaml-1.6.jar;C:\windows\system32\config\systemprofile\.m2\repository\org\apache\maven\surefire\surefire-testng-utils\2.21.0\surefire-testng-utils-2.21.0.jar;C:\windows\system32\config\systemprofile\.m2\repository\org\apache\maven\surefire\surefire-grouper\2.21.0\surefire-grouper-2.21.0.jar;"/>
    <property name="sun.cpu.endian" value="little"/>
    <property name="user.home" value="C:\windows\system32\config\systemprofile"/>
    <property name="user.language" value="en"/>
    <property name="java.specification.vendor" value="Oracle Corporation"/>
    <property name="java.home" value="C:\ProgramData\Jenkins\.jenkins\tools\hudson.model.JDK\myjdk"/>
    <property name="file.separator" value="\"/>
    <property name="basedir" value="C:\Users\02155Y744\git\codetorunjenkins\javatestng"/>
    <property name="java.vm.compressedOopsMode" value="Zero based"/>
    <property name="line.separator" value="&#10;"/>
    <property name="java.vm.specification.vendor" value="Oracle Corporation"/>
    <property name="java.specification.name" value="Java Platform API Specification"/>
    <property name="java.awt.graphicsenv" value="sun.awt.Win32GraphicsEnvironment"/>
    <property name="surefire.real.class.path" value="C:\windows\TEMP\surefire2106732961827713827\surefirebooter6358047051376974758.jar"/>
    <property name="user.script" value=""/>
    <property name="sun.management.compiler" value="HotSpot 64-Bit Tiered Compilers"/>
    <property name="java.runtime.version" value="9.0.4+11"/>
    <property name="user.name" value="DESKTOP-N13ARBV$"/>
    <property name="path.separator" value=";"/>
    <property name="os.version" value="10.0"/>
    <property name="java.runtime.name" value="Java(TM) SE Runtime Environment"/>
    <property name="file.encoding" value="Cp1252"/>
    <property name="java.vm.name" value="Java HotSpot(TM) 64-Bit Server VM"/>
    <property name="localRepository" value="C:\windows\system32\config\systemprofile\.m2\repository"/>
    <property name="java.vendor.url.bug" value="http://bugreport.java.com/bugreport/"/>
    <property name="java.io.tmpdir" value="C:\windows\TEMP\"/>
    <property name="java.version" value="9.0.4"/>
    <property name="user.dir" value="C:\Users\02155Y744\git\codetorunjenkins\javatestng"/>
    <property name="os.arch" value="amd64"/>
    <property name="java.vm.specification.name" value="Java Virtual Machine Specification"/>
    <property name="java.awt.printerjob" value="sun.awt.windows.WPrinterJob"/>
    <property name="sun.os.patch.level" value=""/>
    <property name="java.library.path" value="C:\ProgramData\Jenkins\.jenkins\tools\hudson.model.JDK\myjdk\bin;C:\windows\Sun\Java\bin;C:\windows\system32;C:\windows;C:\ProgramData\Jenkins\.jenkins\tools\hudson.model.JDK\myjdk/bin;C:\ProgramData\Jenkins\.jenkins\tools\hudson.model.JDK\myjdk/bin;C:\ProgramData\Oracle\Java\javapath;C:\Program Files\Common Files\Oracle\Java\javapath;C:\windows\system32;C:\windows;C:\windows\System32\Wbem;C:\windows\System32\WindowsPowerShell\v1.0\;C:\windows\System32\OpenSSH\;C:\Program Files (x86)\Sennheiser\SenncomSDK\;C:\Program Files\Java\jdk-11.0.14\bin;C:\Program Files\apache-maven-3.8.5-bin\apache-maven-3.8.5\bin;C:\Program Files\Java\jdk-11.0.14;C:\windows\system32\config\systemprofile\AppData\Local\Microsoft\WindowsApps;."/>
    <property name="java.vm.info" value="mixed mode"/>
    <property name="java.vendor" value="Oracle Corporation"/>
    <property name="java.vm.version" value="9.0.4+11"/>
    <property name="sun.io.unicode.encoding" value="UnicodeLittle"/>
    <property name="java.class.version" value="53.0"/>
  </properties>
  <testcase name="f" classname="mavenjava.javatestng.NewTest" time="0.004"/>
</testsuite>