<?xml version="1.0" encoding="UTF-8"?>
<!-- Generated by org.testng.reporters.JUnitReportReporter -->
<testsuite hostname="DESKTOP-N13ARBV" failures="0" tests="1" name="mavenjava.javatestng.NewTest" time="0.039" errors="0" timestamp="12 Mar 2022 16:31:05 GMT">
  <testcase classname="mavenjava.javatestng.NewTest" name="f" time="0.039"/>
</testsuite> <!-- mavenjava.javatestng.NewTest -->
